Batch Execution Summary - Total Time: 0.22 seconds

Test: test_add_to_cart.py | Status: Fail
Error Log:
Traceback (most recent call last):
  File "C:\Users\Administrator\PycharmProjects\pythonProject\Assignment\src\tests\test_add_to_cart.py", line 1, in <module>
    from src.driver.driver import Driver
  File "C:\Users\Administrator\PycharmProjects\pythonProject\Assignment\src\__init__.py", line 1, in <module>
    from src.driver.driver import Driver
  File "C:\Users\Administrator\PycharmProjects\pythonProject\Assignment\src\driver\__init__.py", line 1, in <module>
    from src.driver.driver import Driver
  File "C:\Users\Administrator\PycharmProjects\pythonProject\Assignment\src\driver\driver.py", line 1, in <module>
    import pytest
ModuleNotFoundError: No module named 'pytest'


Test: test_checkout.py | Status: Fail
Error Log:
Traceback (most recent call last):
  File "C:\Users\Administrator\PycharmProjects\pythonProject\Assignment\src\tests\test_checkout.py", line 3, in <module>
    from src.driver.driver import Driver
  File "C:\Users\Administrator\PycharmProjects\pythonProject\Assignment\src\__init__.py", line 1, in <module>
    from src.driver.driver import Driver
  File "C:\Users\Administrator\PycharmProjects\pythonProject\Assignment\src\driver\__init__.py", line 1, in <module>
    from src.driver.driver import Driver
  File "C:\Users\Administrator\PycharmProjects\pythonProject\Assignment\src\driver\driver.py", line 1, in <module>
    import pytest
ModuleNotFoundError: No module named 'pytest'


Test: test_data_validation.py | Status: Fail
Error Log:
Traceback (most recent call last):
  File "C:\Users\Administrator\PycharmProjects\pythonProject\Assignment\src\tests\test_data_validation.py", line 1, in <module>
    from src.driver.driver import Driver
  File "C:\Users\Administrator\PycharmProjects\pythonProject\Assignment\src\__init__.py", line 1, in <module>
    from src.driver.driver import Driver
  File "C:\Users\Administrator\PycharmProjects\pythonProject\Assignment\src\driver\__init__.py", line 1, in <module>
    from src.driver.driver import Driver
  File "C:\Users\Administrator\PycharmProjects\pythonProject\Assignment\src\driver\driver.py", line 1, in <module>
    import pytest
ModuleNotFoundError: No module named 'pytest'


Test: test_login.py | Status: Fail
Error Log:
Traceback (most recent call last):
  File "C:\Users\Administrator\PycharmProjects\pythonProject\Assignment\src\tests\test_login.py", line 2, in <module>
    from src.driver.driver import Driver
  File "C:\Users\Administrator\PycharmProjects\pythonProject\Assignment\src\__init__.py", line 1, in <module>
    from src.driver.driver import Driver
  File "C:\Users\Administrator\PycharmProjects\pythonProject\Assignment\src\driver\__init__.py", line 1, in <module>
    from src.driver.driver import Driver
  File "C:\Users\Administrator\PycharmProjects\pythonProject\Assignment\src\driver\driver.py", line 1, in <module>
    import pytest
ModuleNotFoundError: No module named 'pytest'


Test: test_navigation.py | Status: Fail
Error Log:
Traceback (most recent call last):
  File "C:\Users\Administrator\PycharmProjects\pythonProject\Assignment\src\tests\test_navigation.py", line 2, in <module>
    from src.driver.driver import Driver
  File "C:\Users\Administrator\PycharmProjects\pythonProject\Assignment\src\__init__.py", line 1, in <module>
    from src.driver.driver import Driver
  File "C:\Users\Administrator\PycharmProjects\pythonProject\Assignment\src\driver\__init__.py", line 1, in <module>
    from src.driver.driver import Driver
  File "C:\Users\Administrator\PycharmProjects\pythonProject\Assignment\src\driver\driver.py", line 1, in <module>
    import pytest
ModuleNotFoundError: No module named 'pytest'


Test: test_register.py | Status: Fail
Error Log:
Traceback (most recent call last):
  File "C:\Users\Administrator\PycharmProjects\pythonProject\Assignment\src\tests\test_register.py", line 2, in <module>
    from src.driver.driver import Driver
  File "C:\Users\Administrator\PycharmProjects\pythonProject\Assignment\src\__init__.py", line 1, in <module>
    from src.driver.driver import Driver
  File "C:\Users\Administrator\PycharmProjects\pythonProject\Assignment\src\driver\__init__.py", line 1, in <module>
    from src.driver.driver import Driver
  File "C:\Users\Administrator\PycharmProjects\pythonProject\Assignment\src\driver\driver.py", line 1, in <module>
    import pytest
ModuleNotFoundError: No module named 'pytest'


Test: test_responsive.py | Status: Fail
Error Log:
Traceback (most recent call last):
  File "C:\Users\Administrator\PycharmProjects\pythonProject\Assignment\src\tests\test_responsive.py", line 2, in <module>
    from src.driver.driver import Driver
  File "C:\Users\Administrator\PycharmProjects\pythonProject\Assignment\src\__init__.py", line 1, in <module>
    from src.driver.driver import Driver
  File "C:\Users\Administrator\PycharmProjects\pythonProject\Assignment\src\driver\__init__.py", line 1, in <module>
    from src.driver.driver import Driver
  File "C:\Users\Administrator\PycharmProjects\pythonProject\Assignment\src\driver\driver.py", line 1, in <module>
    import pytest
ModuleNotFoundError: No module named 'pytest'


Test: test_search.py | Status: Fail
Error Log:
Traceback (most recent call last):
  File "C:\Users\Administrator\PycharmProjects\pythonProject\Assignment\src\tests\test_search.py", line 1, in <module>
    from src.driver.driver import Driver
  File "C:\Users\Administrator\PycharmProjects\pythonProject\Assignment\src\__init__.py", line 1, in <module>
    from src.driver.driver import Driver
  File "C:\Users\Administrator\PycharmProjects\pythonProject\Assignment\src\driver\__init__.py", line 1, in <module>
    from src.driver.driver import Driver
  File "C:\Users\Administrator\PycharmProjects\pythonProject\Assignment\src\driver\driver.py", line 1, in <module>
    import pytest
ModuleNotFoundError: No module named 'pytest'


Test: __init__.py | Status: Fail
Error Log:
Traceback (most recent call last):
  File "C:\Users\Administrator\PycharmProjects\pythonProject\Assignment\src\tests\__init__.py", line 1, in <module>
    from src.tests.test_login import TestLogin
  File "C:\Users\Administrator\PycharmProjects\pythonProject\Assignment\src\__init__.py", line 1, in <module>
    from src.driver.driver import Driver
  File "C:\Users\Administrator\PycharmProjects\pythonProject\Assignment\src\driver\__init__.py", line 1, in <module>
    from src.driver.driver import Driver
  File "C:\Users\Administrator\PycharmProjects\pythonProject\Assignment\src\driver\driver.py", line 1, in <module>
    import pytest
ModuleNotFoundError: No module named 'pytest'


